  [1m[36m (35.5ms)[0m  [1mCREATE TABLE "schema_migrations" ("version" varchar NOT NULL) [0m
  [1m[35m (0.1ms)[0m  select sqlite_version(*)
  [1m[36m (15.7ms)[0m  [1mCREATE UNIQUE INDEX "unique_schema_migrations" ON "schema_migrations" ("version")[0m
  [1m[35mActiveRecord::SchemaMigration Load (3.4ms)[0m  SELECT "schema_migrations".* FROM "schema_migrations"
Migrating to DeviseCreateUsers (20150208021928)
  [1m[36m (0.1ms)[0m  [1mbegin transaction[0m
DEPRECATION WARNING: `#timestamp` was called without specifying an option for `null`. In Rails 5, this behavior will change to `null: false`. You should manually specify `null: true` to prevent the behavior of your existing migrations from changing. (called from block in change at /vagrant/quiz/db/migrate/20150208021928_devise_create_users.rb:34)
  [1m[35m (3.0ms)[0m  CREATE TABLE "users" ("id" INTEGER PRIMARY KEY AUTOINCREMENT NOT NULL, "email" varchar DEFAULT '' NOT NULL, "encrypted_password" varchar DEFAULT '' NOT NULL, "reset_password_token" varchar, "reset_password_sent_at" datetime, "remember_created_at" datetime, "sign_in_count" integer DEFAULT 0 NOT NULL, "current_sign_in_at" datetime, "last_sign_in_at" datetime, "current_sign_in_ip" varchar, "last_sign_in_ip" varchar, "created_at" datetime, "updated_at" datetime) 
  [1m[36m (13.7ms)[0m  [1mCREATE UNIQUE INDEX "index_users_on_email" ON "users" ("email")[0m
  [1m[35m (0.1ms)[0m              SELECT sql
            FROM sqlite_master
            WHERE name='index_users_on_email' AND type='index'
            UNION ALL
            SELECT sql
            FROM sqlite_temp_master
            WHERE name='index_users_on_email' AND type='index'

  [1m[36m (0.1ms)[0m  [1mCREATE UNIQUE INDEX "index_users_on_reset_password_token" ON "users" ("reset_password_token")[0m
  [1m[35mSQL (0.5ms)[0m  INSERT INTO "schema_migrations" ("version") VALUES (?)  [["version", "20150208021928"]]
  [1m[36m (7.4ms)[0m  [1mcommit transaction[0m
  [1m[35mActiveRecord::SchemaMigration Load (1.7ms)[0m  SELECT "schema_migrations".* FROM "schema_migrations"
  [1m[36m (3.0ms)[0m  [1m            SELECT sql
            FROM sqlite_master
            WHERE name='index_users_on_reset_password_token' AND type='index'
            UNION ALL
            SELECT sql
            FROM sqlite_temp_master
            WHERE name='index_users_on_reset_password_token' AND type='index'
[0m
  [1m[35m (1.9ms)[0m              SELECT sql
            FROM sqlite_master
            WHERE name='index_users_on_email' AND type='index'
            UNION ALL
            SELECT sql
            FROM sqlite_temp_master
            WHERE name='index_users_on_email' AND type='index'



Started GET "/" for 127.0.0.1 at 2015-11-05 17:31:29 +0000
  [1m[36mActiveRecord::SchemaMigration Load (1.5ms)[0m  [1mSELECT "schema_migrations".* FROM "schema_migrations"[0m
Processing by HighVoltage::PagesController#show as HTML
  Parameters: {"id"=>"index"}
  Rendered pages/index.html.erb within layouts/application (5.4ms)
  Rendered layouts/_shim.html.erb (0.4ms)
  Rendered layouts/_navigation_links.html.erb (3.9ms)
  Rendered layouts/_navigation.html.erb (66.5ms)
  Rendered layouts/_messages.html.erb (1.7ms)
  Rendered layouts/_footer.html.erb (0.8ms)
Completed 200 OK in 6675ms (Views: 6656.8ms | ActiveRecord: 0.0ms)


Started GET "/sitemap" for 127.0.0.1 at 2015-11-05 17:35:01 +0000
Processing by HighVoltage::PagesController#show as HTML
  Parameters: {"id"=>"sitemap"}
  Rendered pages/sitemap.html.erb within layouts/application (0.4ms)
  Rendered layouts/_shim.html.erb (0.4ms)
  Rendered layouts/_navigation_links.html.erb (1.4ms)
  Rendered layouts/_navigation.html.erb (36.6ms)
  Rendered layouts/_messages.html.erb (0.7ms)
  Rendered layouts/_footer.html.erb (0.9ms)
Completed 200 OK in 430ms (Views: 429.4ms | ActiveRecord: 0.0ms)


Started GET "/about" for 127.0.0.1 at 2015-11-05 17:35:07 +0000
Processing by HighVoltage::PagesController#show as HTML
  Parameters: {"id"=>"about"}
  Rendered pages/about.html.erb within layouts/application (0.4ms)
  Rendered layouts/_shim.html.erb (0.1ms)
  Rendered layouts/_navigation_links.html.erb (0.7ms)
  Rendered layouts/_navigation.html.erb (20.7ms)
  Rendered layouts/_messages.html.erb (0.1ms)
  Rendered layouts/_footer.html.erb (0.3ms)
Completed 200 OK in 400ms (Views: 399.1ms | ActiveRecord: 0.0ms)


Started GET "/users/sign_in" for 127.0.0.1 at 2015-11-05 17:35:10 +0000
Processing by Devise::SessionsController#new as HTML
  Rendered devise/shared/_links.html.erb (5.3ms)
  Rendered devise/sessions/new.html.erb within layouts/application (171.8ms)
  Rendered layouts/_shim.html.erb (0.1ms)
  Rendered layouts/_navigation_links.html.erb (0.7ms)
  Rendered layouts/_navigation.html.erb (23.9ms)
  Rendered layouts/_messages.html.erb (0.1ms)
  Rendered layouts/_footer.html.erb (0.4ms)
Completed 200 OK in 682ms (Views: 667.0ms | ActiveRecord: 4.0ms)


Started GET "/users/sign_up" for 127.0.0.1 at 2015-11-05 17:35:42 +0000
Processing by Devise::RegistrationsController#new as HTML
  Rendered devise/shared/_links.html.erb (4.2ms)
  Rendered devise/registrations/new.html.erb within layouts/application (41.3ms)
  Rendered layouts/_shim.html.erb (0.1ms)
  Rendered layouts/_navigation_links.html.erb (0.6ms)
  Rendered layouts/_navigation.html.erb (15.8ms)
  Rendered layouts/_messages.html.erb (0.1ms)
  Rendered layouts/_footer.html.erb (0.3ms)
Completed 200 OK in 447ms (Views: 446.3ms | ActiveRecord: 0.0ms)


Started GET "/users/password/new" for 127.0.0.1 at 2015-11-05 17:35:45 +0000
Processing by Devise::PasswordsController#new as HTML
  Rendered devise/shared/_links.html.erb (4.6ms)
  Rendered devise/passwords/new.html.erb within layouts/application (39.9ms)
  Rendered layouts/_shim.html.erb (0.0ms)
  Rendered layouts/_navigation_links.html.erb (0.7ms)
  Rendered layouts/_navigation.html.erb (24.1ms)
  Rendered layouts/_messages.html.erb (0.1ms)
  Rendered layouts/_footer.html.erb (0.4ms)
Completed 200 OK in 556ms (Views: 553.1ms | ActiveRecord: 0.0ms)
